# JRE version: Java(TM) SE Runtime Environment (8.0_231-b11) (build 1.8.0_231-b11)
# Java VM: Java HotSpot(TM) 64-Bit Server VM (25.231-b11 mixed mode windows-amd64 compressed oops)
Heap:
 PSYoungGen      total 29696K, used 20239K [0x00000000d5f80000, 0x00000000d8b80000, 0x0000000100000000)
  eden space 18944K, 53% used [0x00000000d5f80000,0x00000000d6976e30,0x00000000d7200000)
  from space 10752K, 93% used [0x00000000d7e00000,0x00000000d87ccf18,0x00000000d8880000)
  to   space 12288K, 0% used [0x00000000d7200000,0x00000000d7200000,0x00000000d7e00000)
 ParOldGen       total 41472K, used 25638K [0x0000000081e00000, 0x0000000084680000, 0x00000000d5f80000)
  object space 41472K, 61% used [0x0000000081e00000,0x0000000083709be0,0x0000000084680000)
 Metaspace       used 10194K, capacity 10388K, committed 10624K, reserved 1058816K
  class space    used 1101K, capacity 1140K, committed 1152K, reserved 1048576K
GC Heap History (10 events):
Event: 1.102 GC heap before
{Heap before GC invocations=13 (full 2):
 PSYoungGen      total 26112K, used 26086K [0x00000000d5f80000, 0x00000000d8a80000, 0x0000000100000000)
  eden space 16896K, 100% used [0x00000000d5f80000,0x00000000d7000000,0x00000000d7000000)
  from space 9216K, 99% used [0x00000000d7b00000,0x00000000d83f9b10,0x00000000d8400000)
  to   space 11264K, 0% used [0x00000000d7000000,0x00000000d7000000,0x00000000d7b00000)
 ParOldGen       total 25088K, used 15894K [0x0000000081e00000, 0x0000000083680000, 0x00000000d5f80000)
  object space 25088K, 63% used [0x0000000081e00000,0x0000000082d85800,0x0000000083680000)
 Metaspace       used 8568K, capacity 9108K, committed 9216K, reserved 1056768K
  class space    used 952K, capacity 976K, committed 1024K, reserved 1048576K
Event: 1.108 GC heap after
Heap after GC invocations=13 (full 2):
 PSYoungGen      total 28160K, used 3771K [0x00000000d5f80000, 0x00000000d8780000, 0x0000000100000000)
  eden space 16896K, 0% used [0x00000000d5f80000,0x00000000d5f80000,0x00000000d7000000)
  from space 11264K, 33% used [0x00000000d7000000,0x00000000d73aee30,0x00000000d7b00000)
  to   space 10752K, 0% used [0x00000000d7d00000,0x00000000d7d00000,0x00000000d8780000)
 ParOldGen       total 26112K, used 25102K [0x0000000081e00000, 0x0000000083780000, 0x00000000d5f80000)
  object space 26112K, 96% used [0x0000000081e00000,0x0000000083683938,0x0000000083780000)
 Metaspace       used 8568K, capacity 9108K, committed 9216K, reserved 1056768K
  class space    used 952K, capacity 976K, committed 1024K, reserved 1048576K
}
Event: 1.108 GC heap before
{Heap before GC invocations=14 (full 3):
 PSYoungGen      total 28160K, used 3771K [0x00000000d5f80000, 0x00000000d8780000, 0x0000000100000000)
  eden space 16896K, 0% used [0x00000000d5f80000,0x00000000d5f80000,0x00000000d7000000)
  from space 11264K, 33% used [0x00000000d7000000,0x00000000d73aee30,0x00000000d7b00000)
  to   space 10752K, 0% used [0x00000000d7d00000,0x00000000d7d00000,0x00000000d8780000)
 ParOldGen       total 26112K, used 25102K [0x0000000081e00000, 0x0000000083780000, 0x00000000d5f80000)
  object space 26112K, 96% used [0x0000000081e00000,0x0000000083683938,0x0000000083780000)
 Metaspace       used 8568K, capacity 9108K, committed 9216K, reserved 1056768K
  class space    used 952K, capacity 976K, committed 1024K, reserved 1048576K
Event: 1.222 GC heap after
Heap after GC invocations=14 (full 3):
 PSYoungGen      total 28160K, used 2103K [0x00000000d5f80000, 0x00000000d8780000, 0x0000000100000000)
  eden space 16896K, 0% used [0x00000000d5f80000,0x00000000d5f80000,0x00000000d7000000)
  from space 11264K, 18% used [0x00000000d7000000,0x00000000d720deb0,0x00000000d7b00000)
  to   space 10752K, 0% used [0x00000000d7d00000,0x00000000d7d00000,0x00000000d8780000)
 ParOldGen       total 41472K, used 25614K [0x0000000081e00000, 0x0000000084680000, 0x00000000d5f80000)
  object space 41472K, 61% used [0x0000000081e00000,0x0000000083703be0,0x0000000084680000)
 Metaspace       used 8568K, capacity 9108K, committed 9216K, reserved 1056768K
  class space    used 952K, capacity 976K, committed 1024K, reserved 1048576K
}
Event: 1.374 GC heap before
{Heap before GC invocations=15 (full 3):
 PSYoungGen      total 28160K, used 18999K [0x00000000d5f80000, 0x00000000d8780000, 0x0000000100000000)
  eden space 16896K, 100% used [0x00000000d5f80000,0x00000000d7000000,0x00000000d7000000)
  from space 11264K, 18% used [0x00000000d7000000,0x00000000d720deb0,0x00000000d7b00000)
  to   space 10752K, 0% used [0x00000000d7d00000,0x00000000d7d00000,0x00000000d8780000)
 ParOldGen       total 41472K, used 25614K [0x0000000081e00000, 0x0000000084680000, 0x00000000d5f80000)
  object space 41472K, 61% used [0x0000000081e00000,0x0000000083703be0,0x0000000084680000)
 Metaspace       used 9545K, capacity 9684K, committed 9856K, reserved 1058816K
  class space    used 1052K, capacity 1076K, committed 1152K, reserved 1048576K
Event: 1.378 GC heap after
Heap after GC invocations=15 (full 3):
 PSYoungGen      total 27136K, used 4309K [0x00000000d5f80000, 0x00000000d8580000, 0x0000000100000000)
  eden space 18432K, 0% used [0x00000000d5f80000,0x00000000d5f80000,0x00000000d7180000)
  from space 8704K, 49% used [0x00000000d7d00000,0x00000000d8135728,0x00000000d8580000)
  to   space 10240K, 0% used [0x00000000d7180000,0x00000000d7180000,0x00000000d7b80000)
 ParOldGen       total 41472K, used 25622K [0x0000000081e00000, 0x0000000084680000, 0x00000000d5f80000)
  object space 41472K, 61% used [0x0000000081e00000,0x0000000083705be0,0x0000000084680000)
 Metaspace       used 9545K, capacity 9684K, committed 9856K, reserved 1058816K
  class space    used 1052K, capacity 1076K, committed 1152K, reserved 1048576K
}
Event: 1.472 GC heap before
{Heap before GC invocations=16 (full 3):
 PSYoungGen      total 27136K, used 22741K [0x00000000d5f80000, 0x00000000d8580000, 0x0000000100000000)
  eden space 18432K, 100% used [0x00000000d5f80000,0x00000000d7180000,0x00000000d7180000)
  from space 8704K, 49% used [0x00000000d7d00000,0x00000000d8135728,0x00000000d8580000)
  to   space 10240K, 0% used [0x00000000d7180000,0x00000000d7180000,0x00000000d7b80000)
 ParOldGen       total 41472K, used 25622K [0x0000000081e00000, 0x0000000084680000, 0x00000000d5f80000)
  object space 41472K, 61% used [0x0000000081e00000,0x0000000083705be0,0x0000000084680000)
 Metaspace       used 9644K, capacity 9812K, committed 10112K, reserved 1058816K
  class space    used 1052K, capacity 1076K, committed 1152K, reserved 1048576K
Event: 1.476 GC heap after
Heap after GC invocations=16 (full 3):
 PSYoungGen      total 28672K, used 7052K [0x00000000d5f80000, 0x00000000d8880000, 0x0000000100000000)
  eden space 18432K, 0% used [0x00000000d5f80000,0x00000000d5f80000,0x00000000d7180000)
  from space 10240K, 68% used [0x00000000d7180000,0x00000000d7863170,0x00000000d7b80000)
  to   space 10752K, 0% used [0x00000000d7e00000,0x00000000d7e00000,0x00000000d8880000)
 ParOldGen       total 41472K, used 25630K [0x0000000081e00000, 0x0000000084680000, 0x00000000d5f80000)
  object space 41472K, 61% used [0x0000000081e00000,0x0000000083707be0,0x0000000084680000)
 Metaspace       used 9644K, capacity 9812K, committed 10112K, reserved 1058816K
  class space    used 1052K, capacity 1076K, committed 1152K, reserved 1048576K
}
Event: 1.618 GC heap before
{Heap before GC invocations=17 (full 3):
 PSYoungGen      total 28672K, used 25484K [0x00000000d5f80000, 0x00000000d8880000, 0x0000000100000000)
  eden space 18432K, 100% used [0x00000000d5f80000,0x00000000d7180000,0x00000000d7180000)
  from space 10240K, 68% used [0x00000000d7180000,0x00000000d7863170,0x00000000d7b80000)
  to   space 10752K, 0% used [0x00000000d7e00000,0x00000000d7e00000,0x00000000d8880000)
 ParOldGen       total 41472K, used 25630K [0x0000000081e00000, 0x0000000084680000, 0x00000000d5f80000)
  object space 41472K, 61% used [0x0000000081e00000,0x0000000083707be0,0x0000000084680000)
 Metaspace       used 10125K, capacity 10324K, committed 10368K, reserved 1058816K
  class space    used 1101K, capacity 1140K, committed 1152K, reserved 1048576K
Event: 1.623 GC heap after
Heap after GC invocations=17 (full 3):
 PSYoungGen      total 29696K, used 10035K [0x00000000d5f80000, 0x00000000d8b80000, 0x0000000100000000)
  eden space 18944K, 0% used [0x00000000d5f80000,0x00000000d5f80000,0x00000000d7200000)
  from space 10752K, 93% used [0x00000000d7e00000,0x00000000d87ccf18,0x00000000d8880000)
  to   space 12288K, 0% used [0x00000000d7200000,0x00000000d7200000,0x00000000d7e00000)
 ParOldGen       total 41472K, used 25638K [0x0000000081e00000, 0x0000000084680000, 0x00000000d5f80000)
  object space 41472K, 61% used [0x0000000081e00000,0x0000000083709be0,0x0000000084680000)
 Metaspace       used 10125K, capacity 10324K, committed 10368K, reserved 1058816K
  class space    used 1101K, capacity 1140K, committed 1152K, reserved 1048576K
}

