# JRE version: Java(TM) SE Runtime Environment (8.0_231-b11) (build 1.8.0_231-b11)
# Java VM: Java HotSpot(TM) 64-Bit Server VM (25.231-b11 mixed mode windows-amd64 compressed oops)
Heap:
 PSYoungGen      total 142848K, used 34961K [0x00000000d5f80000, 0x00000000e7c80000, 0x0000000100000000)
  eden space 132608K, 18% used [0x00000000d5f80000,0x00000000d77a4420,0x00000000de100000)
  from space 10240K, 100% used [0x00000000de100000,0x00000000deb00000,0x00000000deb00000)
  to   space 13312K, 0% used [0x00000000e6f80000,0x00000000e6f80000,0x00000000e7c80000)
 ParOldGen       total 87552K, used 14760K [0x0000000081e00000, 0x0000000087380000, 0x00000000d5f80000)
  object space 87552K, 16% used [0x0000000081e00000,0x0000000082c6a158,0x0000000087380000)
 Metaspace       used 17900K, capacity 18298K, committed 18432K, reserved 1064960K
  class space    used 2055K, capacity 2191K, committed 2304K, reserved 1048576K
GC Heap History (10 events):
Event: 1.231 GC heap before
{Heap before GC invocations=3 (full 0):
 PSYoungGen      total 38400K, used 38394K [0x00000000d5f80000, 0x00000000daa80000, 0x0000000100000000)
  eden space 33280K, 100% used [0x00000000d5f80000,0x00000000d8000000,0x00000000d8000000)
  from space 5120K, 99% used [0x00000000d8500000,0x00000000d89feba8,0x00000000d8a00000)
  to   space 5120K, 0% used [0x00000000d8000000,0x00000000d8000000,0x00000000d8500000)
 ParOldGen       total 87552K, used 2122K [0x0000000081e00000, 0x0000000087380000, 0x00000000d5f80000)
  object space 87552K, 2% used [0x0000000081e00000,0x00000000820129d8,0x0000000087380000)
 Metaspace       used 15150K, capacity 15362K, committed 15616K, reserved 1062912K
  class space    used 1868K, capacity 1971K, committed 2048K, reserved 1048576K
Event: 1.237 GC heap after
Heap after GC invocations=3 (full 0):
 PSYoungGen      total 38400K, used 5088K [0x00000000d5f80000, 0x00000000daa80000, 0x0000000100000000)
  eden space 33280K, 0% used [0x00000000d5f80000,0x00000000d5f80000,0x00000000d8000000)
  from space 5120K, 99% used [0x00000000d8000000,0x00000000d84f8020,0x00000000d8500000)
  to   space 5120K, 0% used [0x00000000da580000,0x00000000da580000,0x00000000daa80000)
 ParOldGen       total 87552K, used 4916K [0x0000000081e00000, 0x0000000087380000, 0x00000000d5f80000)
  object space 87552K, 5% used [0x0000000081e00000,0x00000000822cd2e0,0x0000000087380000)
 Metaspace       used 15150K, capacity 15362K, committed 15616K, reserved 1062912K
  class space    used 1868K, capacity 1971K, committed 2048K, reserved 1048576K
}
Event: 1.520 GC heap before
{Heap before GC invocations=4 (full 0):
 PSYoungGen      total 38400K, used 38368K [0x00000000d5f80000, 0x00000000daa80000, 0x0000000100000000)
  eden space 33280K, 100% used [0x00000000d5f80000,0x00000000d8000000,0x00000000d8000000)
  from space 5120K, 99% used [0x00000000d8000000,0x00000000d84f8020,0x00000000d8500000)
  to   space 5120K, 0% used [0x00000000da580000,0x00000000da580000,0x00000000daa80000)
 ParOldGen       total 87552K, used 4916K [0x0000000081e00000, 0x0000000087380000, 0x00000000d5f80000)
  object space 87552K, 5% used [0x0000000081e00000,0x00000000822cd2e0,0x0000000087380000)
 Metaspace       used 15438K, capacity 15712K, committed 15872K, reserved 1062912K
  class space    used 1870K, capacity 1976K, committed 2048K, reserved 1048576K
Event: 1.526 GC heap after
Heap after GC invocations=4 (full 0):
 PSYoungGen      total 71680K, used 5088K [0x00000000d5f80000, 0x00000000daa80000, 0x0000000100000000)
  eden space 66560K, 0% used [0x00000000d5f80000,0x00000000d5f80000,0x00000000da080000)
  from space 5120K, 99% used [0x00000000da580000,0x00000000daa78020,0x00000000daa80000)
  to   space 5120K, 0% used [0x00000000da080000,0x00000000da080000,0x00000000da580000)
 ParOldGen       total 87552K, used 6956K [0x0000000081e00000, 0x0000000087380000, 0x00000000d5f80000)
  object space 87552K, 7% used [0x0000000081e00000,0x00000000824cb300,0x0000000087380000)
 Metaspace       used 15438K, capacity 15712K, committed 15872K, reserved 1062912K
  class space    used 1870K, capacity 1976K, committed 2048K, reserved 1048576K
}
Event: 1.918 GC heap before
{Heap before GC invocations=5 (full 0):
 PSYoungGen      total 71680K, used 71648K [0x00000000d5f80000, 0x00000000daa80000, 0x0000000100000000)
  eden space 66560K, 100% used [0x00000000d5f80000,0x00000000da080000,0x00000000da080000)
  from space 5120K, 99% used [0x00000000da580000,0x00000000daa78020,0x00000000daa80000)
  to   space 5120K, 0% used [0x00000000da080000,0x00000000da080000,0x00000000da580000)
 ParOldGen       total 87552K, used 6956K [0x0000000081e00000, 0x0000000087380000, 0x00000000d5f80000)
  object space 87552K, 7% used [0x0000000081e00000,0x00000000824cb300,0x0000000087380000)
 Metaspace       used 16004K, capacity 16242K, committed 16384K, reserved 1062912K
  class space    used 1889K, capacity 1979K, committed 2048K, reserved 1048576K
Event: 1.925 GC heap after
Heap after GC invocations=5 (full 0):
 PSYoungGen      total 71680K, used 5104K [0x00000000d5f80000, 0x00000000df480000, 0x0000000100000000)
  eden space 66560K, 0% used [0x00000000d5f80000,0x00000000d5f80000,0x00000000da080000)
  from space 5120K, 99% used [0x00000000da080000,0x00000000da57c010,0x00000000da580000)
  to   space 9728K, 0% used [0x00000000deb00000,0x00000000deb00000,0x00000000df480000)
 ParOldGen       total 87552K, used 10642K [0x0000000081e00000, 0x0000000087380000, 0x00000000d5f80000)
  object space 87552K, 12% used [0x0000000081e00000,0x0000000082864a00,0x0000000087380000)
 Metaspace       used 16004K, capacity 16242K, committed 16384K, reserved 1062912K
  class space    used 1889K, capacity 1979K, committed 2048K, reserved 1048576K
}
Event: 2.200 GC heap before
{Heap before GC invocations=6 (full 0):
 PSYoungGen      total 71680K, used 71664K [0x00000000d5f80000, 0x00000000df480000, 0x0000000100000000)
  eden space 66560K, 100% used [0x00000000d5f80000,0x00000000da080000,0x00000000da080000)
  from space 5120K, 99% used [0x00000000da080000,0x00000000da57c010,0x00000000da580000)
  to   space 9728K, 0% used [0x00000000deb00000,0x00000000deb00000,0x00000000df480000)
 ParOldGen       total 87552K, used 10642K [0x0000000081e00000, 0x0000000087380000, 0x00000000d5f80000)
  object space 87552K, 12% used [0x0000000081e00000,0x0000000082864a00,0x0000000087380000)
 Metaspace       used 16161K, capacity 16452K, committed 16640K, reserved 1064960K
  class space    used 1891K, capacity 1982K, committed 2048K, reserved 1048576K
Event: 2.206 GC heap after
Heap after GC invocations=6 (full 0):
 PSYoungGen      total 142336K, used 8192K [0x00000000d5f80000, 0x00000000df580000, 0x0000000100000000)
  eden space 132608K, 0% used [0x00000000d5f80000,0x00000000d5f80000,0x00000000de100000)
  from space 9728K, 84% used [0x00000000deb00000,0x00000000df300020,0x00000000df480000)
  to   space 10240K, 0% used [0x00000000de100000,0x00000000de100000,0x00000000deb00000)
 ParOldGen       total 87552K, used 10650K [0x0000000081e00000, 0x0000000087380000, 0x00000000d5f80000)
  object space 87552K, 12% used [0x0000000081e00000,0x0000000082866a00,0x0000000087380000)
 Metaspace       used 16161K, capacity 16452K, committed 16640K, reserved 1064960K
  class space    used 1891K, capacity 1982K, committed 2048K, reserved 1048576K
}
Event: 3.746 GC heap before
{Heap before GC invocations=7 (full 0):
 PSYoungGen      total 142336K, used 140800K [0x00000000d5f80000, 0x00000000df580000, 0x0000000100000000)
  eden space 132608K, 100% used [0x00000000d5f80000,0x00000000de100000,0x00000000de100000)
  from space 9728K, 84% used [0x00000000deb00000,0x00000000df300020,0x00000000df480000)
  to   space 10240K, 0% used [0x00000000de100000,0x00000000de100000,0x00000000deb00000)
 ParOldGen       total 87552K, used 10650K [0x0000000081e00000, 0x0000000087380000, 0x00000000d5f80000)
  object space 87552K, 12% used [0x0000000081e00000,0x0000000082866a00,0x0000000087380000)
 Metaspace       used 17150K, capacity 17474K, committed 17792K, reserved 1064960K
  class space    used 1993K, capacity 2087K, committed 2176K, reserved 1048576K
Event: 3.755 GC heap after
Heap after GC invocations=7 (full 0):
 PSYoungGen      total 142848K, used 10240K [0x00000000d5f80000, 0x00000000e7c80000, 0x0000000100000000)
  eden space 132608K, 0% used [0x00000000d5f80000,0x00000000d5f80000,0x00000000de100000)
  from space 10240K, 100% used [0x00000000de100000,0x00000000deb00000,0x00000000deb00000)
  to   space 13312K, 0% used [0x00000000e6f80000,0x00000000e6f80000,0x00000000e7c80000)
 ParOldGen       total 87552K, used 14760K [0x0000000081e00000, 0x0000000087380000, 0x00000000d5f80000)
  object space 87552K, 16% used [0x0000000081e00000,0x0000000082c6a158,0x0000000087380000)
 Metaspace       used 17150K, capacity 17474K, committed 17792K, reserved 1064960K
  class space    used 1993K, capacity 2087K, committed 2176K, reserved 1048576K
}

