# JRE version: Java(TM) SE Runtime Environment (8.0_231-b11) (build 1.8.0_231-b11)
# Java VM: Java HotSpot(TM) 64-Bit Server VM (25.231-b11 mixed mode windows-amd64 compressed oops)
Heap:
 PSYoungGen      total 32256K, used 29012K [0x00000000d5f80000, 0x00000000d9200000, 0x0000000100000000)
  eden space 17408K, 100% used [0x00000000d5f80000,0x00000000d7080000,0x00000000d7080000)
  from space 14848K, 78% used [0x00000000d8080000,0x00000000d8bd5238,0x00000000d8f00000)
  to   space 16384K, 69% used [0x00000000d7080000,0x00000000d7b9afb0,0x00000000d8080000)
 ParOldGen       total 32768K, used 23917K [0x0000000081e00000, 0x0000000083e00000, 0x00000000d5f80000)
  object space 32768K, 72% used [0x0000000081e00000,0x000000008355b4b8,0x0000000083e00000)
 Metaspace       used 10802K, capacity 10988K, committed 11264K, reserved 1058816K
  class space    used 1149K, capacity 1172K, committed 1280K, reserved 1048576K
GC Heap History (10 events):
Event: 1.834 GC heap after
Heap after GC invocations=15 (full 3):
 PSYoungGen      total 26112K, used 5287K [0x00000000d5f80000, 0x00000000d8400000, 0x0000000100000000)
  eden space 15872K, 0% used [0x00000000d5f80000,0x00000000d5f80000,0x00000000d6f00000)
  from space 10240K, 51% used [0x00000000d7a00000,0x00000000d7f29e40,0x00000000d8400000)
  to   space 10752K, 0% used [0x00000000d6f00000,0x00000000d6f00000,0x00000000d7980000)
 ParOldGen       total 32768K, used 23885K [0x0000000081e00000, 0x0000000083e00000, 0x00000000d5f80000)
  object space 32768K, 72% used [0x0000000081e00000,0x00000000835534b8,0x0000000083e00000)
 Metaspace       used 9504K, capacity 9676K, committed 9856K, reserved 1058816K
  class space    used 1052K, capacity 1076K, committed 1152K, reserved 1048576K
}
Event: 1.918 GC heap before
{Heap before GC invocations=16 (full 3):
 PSYoungGen      total 26112K, used 21159K [0x00000000d5f80000, 0x00000000d8400000, 0x0000000100000000)
  eden space 15872K, 100% used [0x00000000d5f80000,0x00000000d6f00000,0x00000000d6f00000)
  from space 10240K, 51% used [0x00000000d7a00000,0x00000000d7f29e40,0x00000000d8400000)
  to   space 10752K, 0% used [0x00000000d6f00000,0x00000000d6f00000,0x00000000d7980000)
 ParOldGen       total 32768K, used 23885K [0x0000000081e00000, 0x0000000083e00000, 0x00000000d5f80000)
  object space 32768K, 72% used [0x0000000081e00000,0x00000000835534b8,0x0000000083e00000)
 Metaspace       used 9604K, capacity 9740K, committed 9856K, reserved 1058816K
  class space    used 1052K, capacity 1076K, committed 1152K, reserved 1048576K
Event: 1.922 GC heap after
Heap after GC invocations=16 (full 3):
 PSYoungGen      total 26624K, used 7829K [0x00000000d5f80000, 0x00000000d8800000, 0x0000000100000000)
  eden space 15872K, 0% used [0x00000000d5f80000,0x00000000d5f80000,0x00000000d6f00000)
  from space 10752K, 72% used [0x00000000d6f00000,0x00000000d76a57c0,0x00000000d7980000)
  to   space 11776K, 0% used [0x00000000d7c80000,0x00000000d7c80000,0x00000000d8800000)
 ParOldGen       total 32768K, used 23893K [0x0000000081e00000, 0x0000000083e00000, 0x00000000d5f80000)
  object space 32768K, 72% used [0x0000000081e00000,0x00000000835554b8,0x0000000083e00000)
 Metaspace       used 9604K, capacity 9740K, committed 9856K, reserved 1058816K
  class space    used 1052K, capacity 1076K, committed 1152K, reserved 1048576K
}
Event: 1.981 GC heap before
{Heap before GC invocations=17 (full 3):
 PSYoungGen      total 26624K, used 23701K [0x00000000d5f80000, 0x00000000d8800000, 0x0000000100000000)
  eden space 15872K, 100% used [0x00000000d5f80000,0x00000000d6f00000,0x00000000d6f00000)
  from space 10752K, 72% used [0x00000000d6f00000,0x00000000d76a57c0,0x00000000d7980000)
  to   space 11776K, 0% used [0x00000000d7c80000,0x00000000d7c80000,0x00000000d8800000)
 ParOldGen       total 32768K, used 23893K [0x0000000081e00000, 0x0000000083e00000, 0x00000000d5f80000)
  object space 32768K, 72% used [0x0000000081e00000,0x00000000835554b8,0x0000000083e00000)
 Metaspace       used 9641K, capacity 9804K, committed 10112K, reserved 1058816K
  class space    used 1052K, capacity 1076K, committed 1152K, reserved 1048576K
Event: 1.986 GC heap after
Heap after GC invocations=17 (full 3):
 PSYoungGen      total 28160K, used 10850K [0x00000000d5f80000, 0x00000000d8b80000, 0x0000000100000000)
  eden space 16384K, 0% used [0x00000000d5f80000,0x00000000d5f80000,0x00000000d6f80000)
  from space 11776K, 92% used [0x00000000d7c80000,0x00000000d8718998,0x00000000d8800000)
  to   space 13312K, 0% used [0x00000000d6f80000,0x00000000d6f80000,0x00000000d7c80000)
 ParOldGen       total 32768K, used 23901K [0x0000000081e00000, 0x0000000083e00000, 0x00000000d5f80000)
  object space 32768K, 72% used [0x0000000081e00000,0x00000000835574b8,0x0000000083e00000)
 Metaspace       used 9641K, capacity 9804K, committed 10112K, reserved 1058816K
  class space    used 1052K, capacity 1076K, committed 1152K, reserved 1048576K
}
Event: 2.167 GC heap before
{Heap before GC invocations=18 (full 3):
 PSYoungGen      total 28160K, used 27234K [0x00000000d5f80000, 0x00000000d8b80000, 0x0000000100000000)
  eden space 16384K, 100% used [0x00000000d5f80000,0x00000000d6f80000,0x00000000d6f80000)
  from space 11776K, 92% used [0x00000000d7c80000,0x00000000d8718998,0x00000000d8800000)
  to   space 13312K, 0% used [0x00000000d6f80000,0x00000000d6f80000,0x00000000d7c80000)
 ParOldGen       total 32768K, used 23901K [0x0000000081e00000, 0x0000000083e00000, 0x00000000d5f80000)
  object space 32768K, 72% used [0x0000000081e00000,0x00000000835574b8,0x0000000083e00000)
 Metaspace       used 10157K, capacity 10316K, committed 10368K, reserved 1058816K
  class space    used 1101K, capacity 1140K, committed 1152K, reserved 1048576K
Event: 2.173 GC heap after
Heap after GC invocations=18 (full 3):
 PSYoungGen      total 29696K, used 11499K [0x00000000d5f80000, 0x00000000d8f00000, 0x0000000100000000)
  eden space 16384K, 0% used [0x00000000d5f80000,0x00000000d5f80000,0x00000000d6f80000)
  from space 13312K, 86% used [0x00000000d6f80000,0x00000000d7abae30,0x00000000d7c80000)
  to   space 14848K, 0% used [0x00000000d8080000,0x00000000d8080000,0x00000000d8f00000)
 ParOldGen       total 32768K, used 23901K [0x0000000081e00000, 0x0000000083e00000, 0x00000000d5f80000)
  object space 32768K, 72% used [0x0000000081e00000,0x00000000835574b8,0x0000000083e00000)
 Metaspace       used 10157K, capacity 10316K, committed 10368K, reserved 1058816K
  class space    used 1101K, capacity 1140K, committed 1152K, reserved 1048576K
}
Event: 2.250 GC heap before
{Heap before GC invocations=19 (full 3):
 PSYoungGen      total 29696K, used 27883K [0x00000000d5f80000, 0x00000000d8f00000, 0x0000000100000000)
  eden space 16384K, 100% used [0x00000000d5f80000,0x00000000d6f80000,0x00000000d6f80000)
  from space 13312K, 86% used [0x00000000d6f80000,0x00000000d7abae30,0x00000000d7c80000)
  to   space 14848K, 0% used [0x00000000d8080000,0x00000000d8080000,0x00000000d8f00000)
 ParOldGen       total 32768K, used 23901K [0x0000000081e00000, 0x0000000083e00000, 0x00000000d5f80000)
  object space 32768K, 72% used [0x0000000081e00000,0x00000000835574b8,0x0000000083e00000)
 Metaspace       used 10201K, capacity 10380K, committed 10624K, reserved 1058816K
  class space    used 1103K, capacity 1140K, committed 1152K, reserved 1048576K
Event: 2.255 GC heap after
Heap after GC invocations=19 (full 3):
 PSYoungGen      total 32256K, used 11604K [0x00000000d5f80000, 0x00000000d9200000, 0x0000000100000000)
  eden space 17408K, 0% used [0x00000000d5f80000,0x00000000d5f80000,0x00000000d7080000)
  from space 14848K, 78% used [0x00000000d8080000,0x00000000d8bd5238,0x00000000d8f00000)
  to   space 16384K, 0% used [0x00000000d7080000,0x00000000d7080000,0x00000000d8080000)
 ParOldGen       total 32768K, used 23909K [0x0000000081e00000, 0x0000000083e00000, 0x00000000d5f80000)
  object space 32768K, 72% used [0x0000000081e00000,0x00000000835594b8,0x0000000083e00000)
 Metaspace       used 10201K, capacity 10380K, committed 10624K, reserved 1058816K
  class space    used 1103K, capacity 1140K, committed 1152K, reserved 1048576K
}
Event: 2.501 GC heap before
{Heap before GC invocations=20 (full 3):
 PSYoungGen      total 32256K, used 29012K [0x00000000d5f80000, 0x00000000d9200000, 0x0000000100000000)
  eden space 17408K, 100% used [0x00000000d5f80000,0x00000000d7080000,0x00000000d7080000)
  from space 14848K, 78% used [0x00000000d8080000,0x00000000d8bd5238,0x00000000d8f00000)
  to   space 16384K, 0% used [0x00000000d7080000,0x00000000d7080000,0x00000000d8080000)
 ParOldGen       total 32768K, used 23909K [0x0000000081e00000, 0x0000000083e00000, 0x00000000d5f80000)
  object space 32768K, 72% used [0x0000000081e00000,0x00000000835594b8,0x0000000083e00000)
 Metaspace       used 10802K, capacity 10988K, committed 11264K, reserved 1058816K
  class space    used 1149K, capacity 1172K, committed 1280K, reserved 1048576K

