# JRE version: Java(TM) SE Runtime Environment (8.0_231-b11) (build 1.8.0_231-b11)
# Java VM: Java HotSpot(TM) 64-Bit Server VM (25.231-b11 mixed mode windows-amd64 compressed oops)
Heap:
 PSYoungGen      total 19456K, used 18959K [0x00000000d5f80000, 0x00000000d7d80000, 0x0000000100000000)
  eden space 15360K, 100% used [0x00000000d5f80000,0x00000000d6e80000,0x00000000d6e80000)
  from space 4096K, 87% used [0x00000000d7980000,0x00000000d7d03ed8,0x00000000d7d80000)
  to   space 4608K, 99% used [0x00000000d7480000,0x00000000d78f9d88,0x00000000d7900000)
 ParOldGen       total 13824K, used 12170K [0x0000000081e00000, 0x0000000082b80000, 0x00000000d5f80000)
  object space 13824K, 88% used [0x0000000081e00000,0x00000000829e2ad0,0x0000000082b80000)
 Metaspace       used 7775K, capacity 8436K, committed 8704K, reserved 1056768K
  class space    used 910K, capacity 944K, committed 1024K, reserved 1048576K
GC Heap History (10 events):
Event: 0.317 GC heap after
Heap after GC invocations=5 (full 0):
 PSYoungGen      total 6656K, used 480K [0x00000000d5f80000, 0x00000000d6e80000, 0x0000000100000000)
  eden space 6144K, 0% used [0x00000000d5f80000,0x00000000d5f80000,0x00000000d6580000)
  from space 512K, 93% used [0x00000000d6580000,0x00000000d65f8020,0x00000000d6600000)
  to   space 1536K, 0% used [0x00000000d6d00000,0x00000000d6d00000,0x00000000d6e80000)
 ParOldGen       total 5632K, used 2065K [0x0000000081e00000, 0x0000000082380000, 0x00000000d5f80000)
  object space 5632K, 36% used [0x0000000081e00000,0x0000000082004600,0x0000000082380000)
 Metaspace       used 6820K, capacity 7796K, committed 8064K, reserved 1056768K
  class space    used 844K, capacity 880K, committed 896K, reserved 1048576K
}
Event: 0.400 GC heap before
{Heap before GC invocations=6 (full 0):
 PSYoungGen      total 6656K, used 6620K [0x00000000d5f80000, 0x00000000d6e80000, 0x0000000100000000)
  eden space 6144K, 99% used [0x00000000d5f80000,0x00000000d657f0a0,0x00000000d6580000)
  from space 512K, 93% used [0x00000000d6580000,0x00000000d65f8020,0x00000000d6600000)
  to   space 1536K, 0% used [0x00000000d6d00000,0x00000000d6d00000,0x00000000d6e80000)
 ParOldGen       total 5632K, used 2065K [0x0000000081e00000, 0x0000000082380000, 0x00000000d5f80000)
  object space 5632K, 36% used [0x0000000081e00000,0x0000000082004600,0x0000000082380000)
 Metaspace       used 6844K, capacity 7796K, committed 8064K, reserved 1056768K
  class space    used 844K, capacity 880K, committed 896K, reserved 1048576K
Event: 0.402 GC heap after
Heap after GC invocations=6 (full 0):
 PSYoungGen      total 12800K, used 1526K [0x00000000d5f80000, 0x00000000d7080000, 0x0000000100000000)
  eden space 11264K, 0% used [0x00000000d5f80000,0x00000000d5f80000,0x00000000d6a80000)
  from space 1536K, 99% used [0x00000000d6d00000,0x00000000d6e7d8e0,0x00000000d6e80000)
  to   space 2560K, 0% used [0x00000000d6a80000,0x00000000d6a80000,0x00000000d6d00000)
 ParOldGen       total 5632K, used 2759K [0x0000000081e00000, 0x0000000082380000, 0x00000000d5f80000)
  object space 5632K, 48% used [0x0000000081e00000,0x00000000820b1d68,0x0000000082380000)
 Metaspace       used 6844K, capacity 7796K, committed 8064K, reserved 1056768K
  class space    used 844K, capacity 880K, committed 896K, reserved 1048576K
}
Event: 0.533 GC heap before
{Heap before GC invocations=7 (full 0):
 PSYoungGen      total 12800K, used 12790K [0x00000000d5f80000, 0x00000000d7080000, 0x0000000100000000)
  eden space 11264K, 100% used [0x00000000d5f80000,0x00000000d6a80000,0x00000000d6a80000)
  from space 1536K, 99% used [0x00000000d6d00000,0x00000000d6e7d8e0,0x00000000d6e80000)
  to   space 2560K, 0% used [0x00000000d6a80000,0x00000000d6a80000,0x00000000d6d00000)
 ParOldGen       total 5632K, used 2759K [0x0000000081e00000, 0x0000000082380000, 0x00000000d5f80000)
  object space 5632K, 48% used [0x0000000081e00000,0x00000000820b1d68,0x0000000082380000)
 Metaspace       used 7590K, capacity 8308K, committed 8448K, reserved 1056768K
  class space    used 899K, capacity 944K, committed 1024K, reserved 1048576K
Event: 0.537 GC heap after
Heap after GC invocations=7 (full 0):
 PSYoungGen      total 13824K, used 2537K [0x00000000d5f80000, 0x00000000d7d80000, 0x0000000100000000)
  eden space 11264K, 0% used [0x00000000d5f80000,0x00000000d5f80000,0x00000000d6a80000)
  from space 2560K, 99% used [0x00000000d6a80000,0x00000000d6cfa670,0x00000000d6d00000)
  to   space 4096K, 0% used [0x00000000d7980000,0x00000000d7980000,0x00000000d7d80000)
 ParOldGen       total 5632K, used 4706K [0x0000000081e00000, 0x0000000082380000, 0x00000000d5f80000)
  object space 5632K, 83% used [0x0000000081e00000,0x00000000822988a8,0x0000000082380000)
 Metaspace       used 7590K, capacity 8308K, committed 8448K, reserved 1056768K
  class space    used 899K, capacity 944K, committed 1024K, reserved 1048576K
}
Event: 0.537 GC heap before
{Heap before GC invocations=8 (full 1):
 PSYoungGen      total 13824K, used 2537K [0x00000000d5f80000, 0x00000000d7d80000, 0x0000000100000000)
  eden space 11264K, 0% used [0x00000000d5f80000,0x00000000d5f80000,0x00000000d6a80000)
  from space 2560K, 99% used [0x00000000d6a80000,0x00000000d6cfa670,0x00000000d6d00000)
  to   space 4096K, 0% used [0x00000000d7980000,0x00000000d7980000,0x00000000d7d80000)
 ParOldGen       total 5632K, used 4706K [0x0000000081e00000, 0x0000000082380000, 0x00000000d5f80000)
  object space 5632K, 83% used [0x0000000081e00000,0x00000000822988a8,0x0000000082380000)
 Metaspace       used 7590K, capacity 8308K, committed 8448K, reserved 1056768K
  class space    used 899K, capacity 944K, committed 1024K, reserved 1048576K
Event: 0.557 GC heap after
Heap after GC invocations=8 (full 1):
 PSYoungGen      total 13824K, used 0K [0x00000000d5f80000, 0x00000000d7d80000, 0x0000000100000000)
  eden space 11264K, 0% used [0x00000000d5f80000,0x00000000d5f80000,0x00000000d6a80000)
  from space 2560K, 0% used [0x00000000d6a80000,0x00000000d6a80000,0x00000000d6d00000)
  to   space 4096K, 0% used [0x00000000d7980000,0x00000000d7980000,0x00000000d7d80000)
 ParOldGen       total 10240K, used 5478K [0x0000000081e00000, 0x0000000082800000, 0x00000000d5f80000)
  object space 10240K, 53% used [0x0000000081e00000,0x0000000082359938,0x0000000082800000)
 Metaspace       used 7590K, capacity 8308K, committed 8448K, reserved 1056768K
  class space    used 899K, capacity 944K, committed 1024K, reserved 1048576K
}
Event: 0.682 GC heap before
{Heap before GC invocations=9 (full 1):
 PSYoungGen      total 13824K, used 10501K [0x00000000d5f80000, 0x00000000d7d80000, 0x0000000100000000)
  eden space 11264K, 93% used [0x00000000d5f80000,0x00000000d69c1400,0x00000000d6a80000)
  from space 2560K, 0% used [0x00000000d6a80000,0x00000000d6a80000,0x00000000d6d00000)
  to   space 4096K, 0% used [0x00000000d7980000,0x00000000d7980000,0x00000000d7d80000)
 ParOldGen       total 10240K, used 5478K [0x0000000081e00000, 0x0000000082800000, 0x00000000d5f80000)
  object space 10240K, 53% used [0x0000000081e00000,0x0000000082359938,0x0000000082800000)
 Metaspace       used 7753K, capacity 8436K, committed 8704K, reserved 1056768K
  class space    used 909K, capacity 944K, committed 1024K, reserved 1048576K
Event: 0.684 GC heap after
Heap after GC invocations=9 (full 1):
 PSYoungGen      total 19456K, used 3599K [0x00000000d5f80000, 0x00000000d7d80000, 0x0000000100000000)
  eden space 15360K, 0% used [0x00000000d5f80000,0x00000000d5f80000,0x00000000d6e80000)
  from space 4096K, 87% used [0x00000000d7980000,0x00000000d7d03ed8,0x00000000d7d80000)
  to   space 4608K, 0% used [0x00000000d7480000,0x00000000d7480000,0x00000000d7900000)
 ParOldGen       total 10240K, used 5486K [0x0000000081e00000, 0x0000000082800000, 0x00000000d5f80000)
  object space 10240K, 53% used [0x0000000081e00000,0x000000008235b938,0x0000000082800000)
 Metaspace       used 7753K, capacity 8436K, committed 8704K, reserved 1056768K
  class space    used 909K, capacity 944K, committed 1024K, reserved 1048576K
}
Event: 0.755 GC heap before
{Heap before GC invocations=10 (full 1):
 PSYoungGen      total 19456K, used 18959K [0x00000000d5f80000, 0x00000000d7d80000, 0x0000000100000000)
  eden space 15360K, 100% used [0x00000000d5f80000,0x00000000d6e80000,0x00000000d6e80000)
  from space 4096K, 87% used [0x00000000d7980000,0x00000000d7d03ed8,0x00000000d7d80000)
  to   space 4608K, 0% used [0x00000000d7480000,0x00000000d7480000,0x00000000d7900000)
 ParOldGen       total 10240K, used 5486K [0x0000000081e00000, 0x0000000082800000, 0x00000000d5f80000)
  object space 10240K, 53% used [0x0000000081e00000,0x000000008235b938,0x0000000082800000)
 Metaspace       used 7775K, capacity 8436K, committed 8704K, reserved 1056768K
  class space    used 910K, capacity 944K, committed 1024K, reserved 1048576K

