# JRE version: Java(TM) SE Runtime Environment (8.0_231-b11) (build 1.8.0_231-b11)
# Java VM: Java HotSpot(TM) 64-Bit Server VM (25.231-b11 mixed mode windows-amd64 compressed oops)
Heap:
 PSYoungGen      total 71680K, used 42767K [0x00000000d5f80000, 0x00000000df780000, 0x0000000100000000)
  eden space 66560K, 64% used [0x00000000d5f80000,0x00000000d8943d48,0x00000000da080000)
  from space 5120K, 0% used [0x00000000da080000,0x00000000da080000,0x00000000da580000)
  to   space 11264K, 0% used [0x00000000dec80000,0x00000000dec80000,0x00000000df780000)
 ParOldGen       total 67584K, used 9655K [0x0000000081e00000, 0x0000000086000000, 0x00000000d5f80000)
  object space 67584K, 14% used [0x0000000081e00000,0x000000008276dd90,0x0000000086000000)
 Metaspace       used 26296K, capacity 26702K, committed 27008K, reserved 1073152K
  class space    used 3240K, capacity 3403K, committed 3456K, reserved 1048576K
GC Heap History (10 events):
Event: 0.875 GC heap before
{Heap before GC invocations=2 (full 0):
 PSYoungGen      total 38400K, used 38373K [0x00000000d5f80000, 0x00000000d8a00000, 0x0000000100000000)
  eden space 33280K, 100% used [0x00000000d5f80000,0x00000000d8000000,0x00000000d8000000)
  from space 5120K, 99% used [0x00000000d8000000,0x00000000d84f94d0,0x00000000d8500000)
  to   space 5120K, 0% used [0x00000000d8500000,0x00000000d8500000,0x00000000d8a00000)
 ParOldGen       total 87552K, used 615K [0x0000000081e00000, 0x0000000087380000, 0x00000000d5f80000)
  object space 87552K, 0% used [0x0000000081e00000,0x0000000081e99c10,0x0000000087380000)
 Metaspace       used 11639K, capacity 11772K, committed 11904K, reserved 1060864K
  class space    used 1326K, capacity 1364K, committed 1408K, reserved 1048576K
Event: 0.877 GC heap after
Heap after GC invocations=2 (full 0):
 PSYoungGen      total 38400K, used 4995K [0x00000000d5f80000, 0x00000000d8a00000, 0x0000000100000000)
  eden space 33280K, 0% used [0x00000000d5f80000,0x00000000d5f80000,0x00000000d8000000)
  from space 5120K, 97% used [0x00000000d8500000,0x00000000d89e0da8,0x00000000d8a00000)
  to   space 5120K, 0% used [0x00000000d8000000,0x00000000d8000000,0x00000000d8500000)
 ParOldGen       total 87552K, used 631K [0x0000000081e00000, 0x0000000087380000, 0x00000000d5f80000)
  object space 87552K, 0% used [0x0000000081e00000,0x0000000081e9dc28,0x0000000087380000)
 Metaspace       used 11639K, capacity 11772K, committed 11904K, reserved 1060864K
  class space    used 1326K, capacity 1364K, committed 1408K, reserved 1048576K
}
Event: 1.087 GC heap before
{Heap before GC invocations=3 (full 0):
 PSYoungGen      total 38400K, used 38275K [0x00000000d5f80000, 0x00000000d8a00000, 0x0000000100000000)
  eden space 33280K, 100% used [0x00000000d5f80000,0x00000000d8000000,0x00000000d8000000)
  from space 5120K, 97% used [0x00000000d8500000,0x00000000d89e0da8,0x00000000d8a00000)
  to   space 5120K, 0% used [0x00000000d8000000,0x00000000d8000000,0x00000000d8500000)
 ParOldGen       total 87552K, used 631K [0x0000000081e00000, 0x0000000087380000, 0x00000000d5f80000)
  object space 87552K, 0% used [0x0000000081e00000,0x0000000081e9dc28,0x0000000087380000)
 Metaspace       used 13941K, capacity 14050K, committed 14208K, reserved 1062912K
  class space    used 1625K, capacity 1653K, committed 1664K, reserved 1048576K
Event: 1.092 GC heap after
Heap after GC invocations=3 (full 0):
 PSYoungGen      total 38400K, used 5109K [0x00000000d5f80000, 0x00000000daa80000, 0x0000000100000000)
  eden space 33280K, 0% used [0x00000000d5f80000,0x00000000d5f80000,0x00000000d8000000)
  from space 5120K, 99% used [0x00000000d8000000,0x00000000d84fd510,0x00000000d8500000)
  to   space 5120K, 0% used [0x00000000da580000,0x00000000da580000,0x00000000daa80000)
 ParOldGen       total 87552K, used 2873K [0x0000000081e00000, 0x0000000087380000, 0x00000000d5f80000)
  object space 87552K, 3% used [0x0000000081e00000,0x00000000820ce7c0,0x0000000087380000)
 Metaspace       used 13941K, capacity 14050K, committed 14208K, reserved 1062912K
  class space    used 1625K, capacity 1653K, committed 1664K, reserved 1048576K
}
Event: 1.362 GC heap before
{Heap before GC invocations=4 (full 0):
 PSYoungGen      total 38400K, used 38389K [0x00000000d5f80000, 0x00000000daa80000, 0x0000000100000000)
  eden space 33280K, 100% used [0x00000000d5f80000,0x00000000d8000000,0x00000000d8000000)
  from space 5120K, 99% used [0x00000000d8000000,0x00000000d84fd510,0x00000000d8500000)
  to   space 5120K, 0% used [0x00000000da580000,0x00000000da580000,0x00000000daa80000)
 ParOldGen       total 87552K, used 2873K [0x0000000081e00000, 0x0000000087380000, 0x00000000d5f80000)
  object space 87552K, 3% used [0x0000000081e00000,0x00000000820ce7c0,0x0000000087380000)
 Metaspace       used 15620K, capacity 15740K, committed 16000K, reserved 1062912K
  class space    used 1826K, capacity 1860K, committed 1920K, reserved 1048576K
Event: 1.366 GC heap after
Heap after GC invocations=4 (full 0):
 PSYoungGen      total 71680K, used 5093K [0x00000000d5f80000, 0x00000000daa80000, 0x0000000100000000)
  eden space 66560K, 0% used [0x00000000d5f80000,0x00000000d5f80000,0x00000000da080000)
  from space 5120K, 99% used [0x00000000da580000,0x00000000daa79520,0x00000000daa80000)
  to   space 5120K, 0% used [0x00000000da080000,0x00000000da080000,0x00000000da580000)
 ParOldGen       total 87552K, used 5897K [0x0000000081e00000, 0x0000000087380000, 0x00000000d5f80000)
  object space 87552K, 6% used [0x0000000081e00000,0x00000000823c2740,0x0000000087380000)
 Metaspace       used 15620K, capacity 15740K, committed 16000K, reserved 1062912K
  class space    used 1826K, capacity 1860K, committed 1920K, reserved 1048576K
}
Event: 2.349 GC heap before
{Heap before GC invocations=5 (full 0):
 PSYoungGen      total 71680K, used 53931K [0x00000000d5f80000, 0x00000000daa80000, 0x0000000100000000)
  eden space 66560K, 73% used [0x00000000d5f80000,0x00000000d8f319f0,0x00000000da080000)
  from space 5120K, 99% used [0x00000000da580000,0x00000000daa79520,0x00000000daa80000)
  to   space 5120K, 0% used [0x00000000da080000,0x00000000da080000,0x00000000da580000)
 ParOldGen       total 87552K, used 5897K [0x0000000081e00000, 0x0000000087380000, 0x00000000d5f80000)
  object space 87552K, 6% used [0x0000000081e00000,0x00000000823c2740,0x0000000087380000)
 Metaspace       used 20918K, capacity 21164K, committed 21296K, reserved 1069056K
  class space    used 2534K, capacity 2656K, committed 2688K, reserved 1048576K
Event: 2.355 GC heap after
Heap after GC invocations=5 (full 0):
 PSYoungGen      total 71680K, used 5109K [0x00000000d5f80000, 0x00000000df780000, 0x0000000100000000)
  eden space 66560K, 0% used [0x00000000d5f80000,0x00000000d5f80000,0x00000000da080000)
  from space 5120K, 99% used [0x00000000da080000,0x00000000da57d570,0x00000000da580000)
  to   space 11264K, 0% used [0x00000000dec80000,0x00000000dec80000,0x00000000df780000)
 ParOldGen       total 87552K, used 11290K [0x0000000081e00000, 0x0000000087380000, 0x00000000d5f80000)
  object space 87552K, 12% used [0x0000000081e00000,0x0000000082906b58,0x0000000087380000)
 Metaspace       used 20918K, capacity 21164K, committed 21296K, reserved 1069056K
  class space    used 2534K, capacity 2656K, committed 2688K, reserved 1048576K
}
Event: 2.355 GC heap before
{Heap before GC invocations=6 (full 1):
 PSYoungGen      total 71680K, used 5109K [0x00000000d5f80000, 0x00000000df780000, 0x0000000100000000)
  eden space 66560K, 0% used [0x00000000d5f80000,0x00000000d5f80000,0x00000000da080000)
  from space 5120K, 99% used [0x00000000da080000,0x00000000da57d570,0x00000000da580000)
  to   space 11264K, 0% used [0x00000000dec80000,0x00000000dec80000,0x00000000df780000)
 ParOldGen       total 87552K, used 11290K [0x0000000081e00000, 0x0000000087380000, 0x00000000d5f80000)
  object space 87552K, 12% used [0x0000000081e00000,0x0000000082906b58,0x0000000087380000)
 Metaspace       used 20918K, capacity 21164K, committed 21296K, reserved 1069056K
  class space    used 2534K, capacity 2656K, committed 2688K, reserved 1048576K
Event: 2.384 GC heap after
Heap after GC invocations=6 (full 1):
 PSYoungGen      total 71680K, used 0K [0x00000000d5f80000, 0x00000000df780000, 0x0000000100000000)
  eden space 66560K, 0% used [0x00000000d5f80000,0x00000000d5f80000,0x00000000da080000)
  from space 5120K, 0% used [0x00000000da080000,0x00000000da080000,0x00000000da580000)
  to   space 11264K, 0% used [0x00000000dec80000,0x00000000dec80000,0x00000000df780000)
 ParOldGen       total 67584K, used 9655K [0x0000000081e00000, 0x0000000086000000, 0x00000000d5f80000)
  object space 67584K, 14% used [0x0000000081e00000,0x000000008276dd90,0x0000000086000000)
 Metaspace       used 20918K, capacity 21164K, committed 21296K, reserved 1069056K
  class space    used 2534K, capacity 2656K, committed 2688K, reserved 1048576K
}

