# JRE version: Java(TM) SE Runtime Environment (8.0_231-b11) (build 1.8.0_231-b11)
# Java VM: Java HotSpot(TM) 64-Bit Server VM (25.231-b11 mixed mode windows-amd64 compressed oops)
Heap:
 PSYoungGen      total 228352K, used 228241K [0x00000000d5f80000, 0x00000000e6500000, 0x0000000100000000)
  eden space 226816K, 100% used [0x00000000d5f80000,0x00000000e3d00000,0x00000000e3d00000)
  from space 1536K, 92% used [0x00000000e6380000,0x00000000e64e4420,0x00000000e6500000)
  to   space 9216K, 15% used [0x00000000e5300000,0x00000000e546c420,0x00000000e5c00000)
 ParOldGen       total 63488K, used 10106K [0x0000000081e00000, 0x0000000085c00000, 0x00000000d5f80000)
  object space 63488K, 15% used [0x0000000081e00000,0x00000000827de878,0x0000000085c00000)
 Metaspace       used 27214K, capacity 27596K, committed 27904K, reserved 1073152K
  class space    used 3335K, capacity 3466K, committed 3584K, reserved 1048576K
GC Heap History (10 events):
Event: 2.150 GC heap after
Heap after GC invocations=7 (full 0):
 PSYoungGen      total 140800K, used 6975K [0x00000000d5f80000, 0x00000000e7380000, 0x0000000100000000)
  eden space 133120K, 0% used [0x00000000d5f80000,0x00000000d5f80000,0x00000000de180000)
  from space 7680K, 90% used [0x00000000de180000,0x00000000de84fed0,0x00000000de900000)
  to   space 8192K, 0% used [0x00000000e6b80000,0x00000000e6b80000,0x00000000e7380000)
 ParOldGen       total 87552K, used 7700K [0x0000000081e00000, 0x0000000087380000, 0x00000000d5f80000)
  object space 87552K, 8% used [0x0000000081e00000,0x0000000082585180,0x0000000087380000)
 Metaspace       used 20919K, capacity 21158K, committed 21248K, reserved 1067008K
  class space    used 2648K, capacity 2785K, committed 2816K, reserved 1048576K
}
Event: 2.151 GC heap before
{Heap before GC invocations=8 (full 1):
 PSYoungGen      total 140800K, used 6975K [0x00000000d5f80000, 0x00000000e7380000, 0x0000000100000000)
  eden space 133120K, 0% used [0x00000000d5f80000,0x00000000d5f80000,0x00000000de180000)
  from space 7680K, 90% used [0x00000000de180000,0x00000000de84fed0,0x00000000de900000)
  to   space 8192K, 0% used [0x00000000e6b80000,0x00000000e6b80000,0x00000000e7380000)
 ParOldGen       total 87552K, used 7700K [0x0000000081e00000, 0x0000000087380000, 0x00000000d5f80000)
  object space 87552K, 8% used [0x0000000081e00000,0x0000000082585180,0x0000000087380000)
 Metaspace       used 20919K, capacity 21158K, committed 21248K, reserved 1067008K
  class space    used 2648K, capacity 2785K, committed 2816K, reserved 1048576K
Event: 2.188 GC heap after
Heap after GC invocations=8 (full 1):
 PSYoungGen      total 140800K, used 0K [0x00000000d5f80000, 0x00000000e7380000, 0x0000000100000000)
  eden space 133120K, 0% used [0x00000000d5f80000,0x00000000d5f80000,0x00000000de180000)
  from space 7680K, 0% used [0x00000000de180000,0x00000000de180000,0x00000000de900000)
  to   space 8192K, 0% used [0x00000000e6b80000,0x00000000e6b80000,0x00000000e7380000)
 ParOldGen       total 63488K, used 10074K [0x0000000081e00000, 0x0000000085c00000, 0x00000000d5f80000)
  object space 63488K, 15% used [0x0000000081e00000,0x00000000827d6878,0x0000000085c00000)
 Metaspace       used 20919K, capacity 21158K, committed 21248K, reserved 1067008K
  class space    used 2648K, capacity 2785K, committed 2816K, reserved 1048576K
}
Event: 89.546 GC heap before
{Heap before GC invocations=9 (full 1):
 PSYoungGen      total 140800K, used 133120K [0x00000000d5f80000, 0x00000000e7380000, 0x0000000100000000)
  eden space 133120K, 100% used [0x00000000d5f80000,0x00000000de180000,0x00000000de180000)
  from space 7680K, 0% used [0x00000000de180000,0x00000000de180000,0x00000000de900000)
  to   space 8192K, 0% used [0x00000000e6b80000,0x00000000e6b80000,0x00000000e7380000)
 ParOldGen       total 63488K, used 10074K [0x0000000081e00000, 0x0000000085c00000, 0x00000000d5f80000)
  object space 63488K, 15% used [0x0000000081e00000,0x00000000827d6878,0x0000000085c00000)
 Metaspace       used 26211K, capacity 26546K, committed 26880K, reserved 1073152K
  class space    used 3319K, capacity 3461K, committed 3584K, reserved 1048576K
Event: 89.550 GC heap after
Heap after GC invocations=9 (full 1):
 PSYoungGen      total 196608K, used 4032K [0x00000000d5f80000, 0x00000000e6f80000, 0x0000000100000000)
  eden space 192512K, 0% used [0x00000000d5f80000,0x00000000d5f80000,0x00000000e1b80000)
  from space 4096K, 98% used [0x00000000e6b80000,0x00000000e6f70268,0x00000000e6f80000)
  to   space 8192K, 0% used [0x00000000e5f80000,0x00000000e5f80000,0x00000000e6780000)
 ParOldGen       total 63488K, used 10082K [0x0000000081e00000, 0x0000000085c00000, 0x00000000d5f80000)
  object space 63488K, 15% used [0x0000000081e00000,0x00000000827d8878,0x0000000085c00000)
 Metaspace       used 26211K, capacity 26546K, committed 26880K, reserved 1073152K
  class space    used 3319K, capacity 3461K, committed 3584K, reserved 1048576K
}
Event: 442.341 GC heap before
{Heap before GC invocations=10 (full 1):
 PSYoungGen      total 196608K, used 196544K [0x00000000d5f80000, 0x00000000e6f80000, 0x0000000100000000)
  eden space 192512K, 100% used [0x00000000d5f80000,0x00000000e1b80000,0x00000000e1b80000)
  from space 4096K, 98% used [0x00000000e6b80000,0x00000000e6f70268,0x00000000e6f80000)
  to   space 8192K, 0% used [0x00000000e5f80000,0x00000000e5f80000,0x00000000e6780000)
 ParOldGen       total 63488K, used 10082K [0x0000000081e00000, 0x0000000085c00000, 0x00000000d5f80000)
  object space 63488K, 15% used [0x0000000081e00000,0x00000000827d8878,0x0000000085c00000)
 Metaspace       used 26972K, capacity 27384K, committed 27648K, reserved 1073152K
  class space    used 3323K, capacity 3462K, committed 3584K, reserved 1048576K
Event: 442.345 GC heap after
Heap after GC invocations=10 (full 1):
 PSYoungGen      total 238592K, used 1890K [0x00000000d5f80000, 0x00000000e6c00000, 0x0000000100000000)
  eden space 236544K, 0% used [0x00000000d5f80000,0x00000000d5f80000,0x00000000e4680000)
  from space 2048K, 92% used [0x00000000e5f80000,0x00000000e6158810,0x00000000e6180000)
  to   space 8704K, 0% used [0x00000000e6380000,0x00000000e6380000,0x00000000e6c00000)
 ParOldGen       total 63488K, used 10090K [0x0000000081e00000, 0x0000000085c00000, 0x00000000d5f80000)
  object space 63488K, 15% used [0x0000000081e00000,0x00000000827da878,0x0000000085c00000)
 Metaspace       used 26972K, capacity 27384K, committed 27648K, reserved 1073152K
  class space    used 3323K, capacity 3462K, committed 3584K, reserved 1048576K
}
Event: 1165.410 GC heap before
{Heap before GC invocations=11 (full 1):
 PSYoungGen      total 238592K, used 238434K [0x00000000d5f80000, 0x00000000e6c00000, 0x0000000100000000)
  eden space 236544K, 100% used [0x00000000d5f80000,0x00000000e4680000,0x00000000e4680000)
  from space 2048K, 92% used [0x00000000e5f80000,0x00000000e6158810,0x00000000e6180000)
  to   space 8704K, 0% used [0x00000000e6380000,0x00000000e6380000,0x00000000e6c00000)
 ParOldGen       total 63488K, used 10090K [0x0000000081e00000, 0x0000000085c00000, 0x00000000d5f80000)
  object space 63488K, 15% used [0x0000000081e00000,0x00000000827da878,0x0000000085c00000)
 Metaspace       used 27171K, capacity 27522K, committed 27904K, reserved 1073152K
  class space    used 3334K, capacity 3465K, committed 3584K, reserved 1048576K
Event: 1165.413 GC heap after
Heap after GC invocations=11 (full 1):
 PSYoungGen      total 228352K, used 1425K [0x00000000d5f80000, 0x00000000e6500000, 0x0000000100000000)
  eden space 226816K, 0% used [0x00000000d5f80000,0x00000000d5f80000,0x00000000e3d00000)
  from space 1536K, 92% used [0x00000000e6380000,0x00000000e64e4420,0x00000000e6500000)
  to   space 9216K, 0% used [0x00000000e5300000,0x00000000e5300000,0x00000000e5c00000)
 ParOldGen       total 63488K, used 10098K [0x0000000081e00000, 0x0000000085c00000, 0x00000000d5f80000)
  object space 63488K, 15% used [0x0000000081e00000,0x00000000827dc878,0x0000000085c00000)
 Metaspace       used 27171K, capacity 27522K, committed 27904K, reserved 1073152K
  class space    used 3334K, capacity 3465K, committed 3584K, reserved 1048576K
}
Event: 1347.843 GC heap before
{Heap before GC invocations=12 (full 1):
 PSYoungGen      total 228352K, used 228241K [0x00000000d5f80000, 0x00000000e6500000, 0x0000000100000000)
  eden space 226816K, 100% used [0x00000000d5f80000,0x00000000e3d00000,0x00000000e3d00000)
  from space 1536K, 92% used [0x00000000e6380000,0x00000000e64e4420,0x00000000e6500000)
  to   space 9216K, 0% used [0x00000000e5300000,0x00000000e5300000,0x00000000e5c00000)
 ParOldGen       total 63488K, used 10098K [0x0000000081e00000, 0x0000000085c00000, 0x00000000d5f80000)
  object space 63488K, 15% used [0x0000000081e00000,0x00000000827dc878,0x0000000085c00000)
 Metaspace       used 27214K, capacity 27596K, committed 27904K, reserved 1073152K
  class space    used 3335K, capacity 3466K, committed 3584K, reserved 1048576K

