# JRE version: Java(TM) SE Runtime Environment (8.0_231-b11) (build 1.8.0_231-b11)
# Java VM: Java HotSpot(TM) 64-Bit Server VM (25.231-b11 mixed mode windows-amd64 compressed oops)
Heap:
 PSYoungGen      total 153600K, used 153473K [0x00000000d5f80000, 0x00000000e3900000, 0x0000000100000000)
  eden space 149504K, 100% used [0x00000000d5f80000,0x00000000df180000,0x00000000df180000)
  from space 4096K, 96% used [0x00000000e3500000,0x00000000e38e0500,0x00000000e3900000)
  to   space 8192K, 30% used [0x00000000e2900000,0x00000000e2b69cc0,0x00000000e3100000)
 ParOldGen       total 61440K, used 27389K [0x0000000081e00000, 0x0000000085a00000, 0x00000000d5f80000)
  object space 61440K, 44% used [0x0000000081e00000,0x00000000838bf498,0x0000000085a00000)
 Metaspace       used 30196K, capacity 30648K, committed 30720K, reserved 1077248K
  class space    used 3625K, capacity 3796K, committed 3840K, reserved 1048576K
GC Heap History (10 events):
Event: 5670.658 GC heap after
Heap after GC invocations=19 (full 1):
 PSYoungGen      total 180224K, used 5729K [0x00000000d5f80000, 0x00000000e4780000, 0x0000000100000000)
  eden space 174080K, 0% used [0x00000000d5f80000,0x00000000d5f80000,0x00000000e0980000)
  from space 6144K, 93% used [0x00000000e4180000,0x00000000e4718510,0x00000000e4780000)
  to   space 8704K, 0% used [0x00000000e3680000,0x00000000e3680000,0x00000000e3f00000)
 ParOldGen       total 61440K, used 10181K [0x0000000081e00000, 0x0000000085a00000, 0x00000000d5f80000)
  object space 61440K, 16% used [0x0000000081e00000,0x00000000827f17b8,0x0000000085a00000)
 Metaspace       used 30036K, capacity 30508K, committed 30720K, reserved 1077248K
  class space    used 3624K, capacity 3796K, committed 3840K, reserved 1048576K
}
Event: 6271.615 GC heap before
{Heap before GC invocations=20 (full 1):
 PSYoungGen      total 180224K, used 179809K [0x00000000d5f80000, 0x00000000e4780000, 0x0000000100000000)
  eden space 174080K, 100% used [0x00000000d5f80000,0x00000000e0980000,0x00000000e0980000)
  from space 6144K, 93% used [0x00000000e4180000,0x00000000e4718510,0x00000000e4780000)
  to   space 8704K, 0% used [0x00000000e3680000,0x00000000e3680000,0x00000000e3f00000)
 ParOldGen       total 61440K, used 10181K [0x0000000081e00000, 0x0000000085a00000, 0x00000000d5f80000)
  object space 61440K, 16% used [0x0000000081e00000,0x00000000827f17b8,0x0000000085a00000)
 Metaspace       used 30049K, capacity 30512K, committed 30720K, reserved 1077248K
  class space    used 3624K, capacity 3796K, committed 3840K, reserved 1048576K
Event: 6271.620 GC heap after
Heap after GC invocations=20 (full 1):
 PSYoungGen      total 173568K, used 5697K [0x00000000d5f80000, 0x00000000e4200000, 0x0000000100000000)
  eden space 167424K, 0% used [0x00000000d5f80000,0x00000000d5f80000,0x00000000e0300000)
  from space 6144K, 92% used [0x00000000e3680000,0x00000000e3c10530,0x00000000e3c80000)
  to   space 5632K, 0% used [0x00000000e3c80000,0x00000000e3c80000,0x00000000e4200000)
 ParOldGen       total 61440K, used 10189K [0x0000000081e00000, 0x0000000085a00000, 0x00000000d5f80000)
  object space 61440K, 16% used [0x0000000081e00000,0x00000000827f37b8,0x0000000085a00000)
 Metaspace       used 30049K, capacity 30512K, committed 30720K, reserved 1077248K
  class space    used 3624K, capacity 3796K, committed 3840K, reserved 1048576K
}
Event: 7106.732 GC heap before
{Heap before GC invocations=21 (full 1):
 PSYoungGen      total 173568K, used 173121K [0x00000000d5f80000, 0x00000000e4200000, 0x0000000100000000)
  eden space 167424K, 100% used [0x00000000d5f80000,0x00000000e0300000,0x00000000e0300000)
  from space 6144K, 92% used [0x00000000e3680000,0x00000000e3c10530,0x00000000e3c80000)
  to   space 5632K, 0% used [0x00000000e3c80000,0x00000000e3c80000,0x00000000e4200000)
 ParOldGen       total 61440K, used 10189K [0x0000000081e00000, 0x0000000085a00000, 0x00000000d5f80000)
  object space 61440K, 16% used [0x0000000081e00000,0x00000000827f37b8,0x0000000085a00000)
 Metaspace       used 30069K, capacity 30520K, committed 30720K, reserved 1077248K
  class space    used 3624K, capacity 3796K, committed 3840K, reserved 1048576K
Event: 7106.735 GC heap after
Heap after GC invocations=21 (full 1):
 PSYoungGen      total 165888K, used 4309K [0x00000000d5f80000, 0x00000000e4100000, 0x0000000100000000)
  eden space 161280K, 0% used [0x00000000d5f80000,0x00000000d5f80000,0x00000000dfd00000)
  from space 4608K, 93% used [0x00000000e3c80000,0x00000000e40b5510,0x00000000e4100000)
  to   space 8704K, 0% used [0x00000000e3000000,0x00000000e3000000,0x00000000e3880000)
 ParOldGen       total 61440K, used 10197K [0x0000000081e00000, 0x0000000085a00000, 0x00000000d5f80000)
  object space 61440K, 16% used [0x0000000081e00000,0x00000000827f57b8,0x0000000085a00000)
 Metaspace       used 30069K, capacity 30520K, committed 30720K, reserved 1077248K
  class space    used 3624K, capacity 3796K, committed 3840K, reserved 1048576K
}
Event: 7824.115 GC heap before
{Heap before GC invocations=22 (full 1):
 PSYoungGen      total 165888K, used 165589K [0x00000000d5f80000, 0x00000000e4100000, 0x0000000100000000)
  eden space 161280K, 100% used [0x00000000d5f80000,0x00000000dfd00000,0x00000000dfd00000)
  from space 4608K, 93% used [0x00000000e3c80000,0x00000000e40b5510,0x00000000e4100000)
  to   space 8704K, 0% used [0x00000000e3000000,0x00000000e3000000,0x00000000e3880000)
 ParOldGen       total 61440K, used 10197K [0x0000000081e00000, 0x0000000085a00000, 0x00000000d5f80000)
  object space 61440K, 16% used [0x0000000081e00000,0x00000000827f57b8,0x0000000085a00000)
 Metaspace       used 30113K, capacity 30584K, committed 30720K, reserved 1077248K
  class space    used 3624K, capacity 3796K, committed 3840K, reserved 1048576K
Event: 7824.118 GC heap after
Heap after GC invocations=22 (full 1):
 PSYoungGen      total 158720K, used 3442K [0x00000000d5f80000, 0x00000000e3d00000, 0x0000000100000000)
  eden space 155136K, 0% used [0x00000000d5f80000,0x00000000d5f80000,0x00000000df700000)
  from space 3584K, 96% used [0x00000000e3000000,0x00000000e335c8d0,0x00000000e3380000)
  to   space 8192K, 0% used [0x00000000e3500000,0x00000000e3500000,0x00000000e3d00000)
 ParOldGen       total 61440K, used 10205K [0x0000000081e00000, 0x0000000085a00000, 0x00000000d5f80000)
  object space 61440K, 16% used [0x0000000081e00000,0x00000000827f77b8,0x0000000085a00000)
 Metaspace       used 30113K, capacity 30584K, committed 30720K, reserved 1077248K
  class space    used 3624K, capacity 3796K, committed 3840K, reserved 1048576K
}
Event: 8120.439 GC heap before
{Heap before GC invocations=23 (full 1):
 PSYoungGen      total 158720K, used 158578K [0x00000000d5f80000, 0x00000000e3d00000, 0x0000000100000000)
  eden space 155136K, 100% used [0x00000000d5f80000,0x00000000df700000,0x00000000df700000)
  from space 3584K, 96% used [0x00000000e3000000,0x00000000e335c8d0,0x00000000e3380000)
  to   space 8192K, 0% used [0x00000000e3500000,0x00000000e3500000,0x00000000e3d00000)
 ParOldGen       total 61440K, used 10205K [0x0000000081e00000, 0x0000000085a00000, 0x00000000d5f80000)
  object space 61440K, 16% used [0x0000000081e00000,0x00000000827f77b8,0x0000000085a00000)
 Metaspace       used 30128K, capacity 30584K, committed 30720K, reserved 1077248K
  class space    used 3624K, capacity 3796K, committed 3840K, reserved 1048576K
Event: 8120.443 GC heap after
Heap after GC invocations=23 (full 1):
 PSYoungGen      total 153600K, used 3969K [0x00000000d5f80000, 0x00000000e3900000, 0x0000000100000000)
  eden space 149504K, 0% used [0x00000000d5f80000,0x00000000d5f80000,0x00000000df180000)
  from space 4096K, 96% used [0x00000000e3500000,0x00000000e38e0500,0x00000000e3900000)
  to   space 8192K, 0% used [0x00000000e2900000,0x00000000e2900000,0x00000000e3100000)
 ParOldGen       total 61440K, used 10213K [0x0000000081e00000, 0x0000000085a00000, 0x00000000d5f80000)
  object space 61440K, 16% used [0x0000000081e00000,0x00000000827f97b8,0x0000000085a00000)
 Metaspace       used 30128K, capacity 30584K, committed 30720K, reserved 1077248K
  class space    used 3624K, capacity 3796K, committed 3840K, reserved 1048576K
}
Event: 8439.004 GC heap before
{Heap before GC invocations=24 (full 1):
 PSYoungGen      total 153600K, used 153473K [0x00000000d5f80000, 0x00000000e3900000, 0x0000000100000000)
  eden space 149504K, 100% used [0x00000000d5f80000,0x00000000df180000,0x00000000df180000)
  from space 4096K, 96% used [0x00000000e3500000,0x00000000e38e0500,0x00000000e3900000)
  to   space 8192K, 0% used [0x00000000e2900000,0x00000000e2900000,0x00000000e3100000)
 ParOldGen       total 61440K, used 10213K [0x0000000081e00000, 0x0000000085a00000, 0x00000000d5f80000)
  object space 61440K, 16% used [0x0000000081e00000,0x00000000827f97b8,0x0000000085a00000)
 Metaspace       used 30196K, capacity 30648K, committed 30720K, reserved 1077248K
  class space    used 3625K, capacity 3796K, committed 3840K, reserved 1048576K

